[LOCAL-AGENT][INFO] Starting SSH agent manager: nucx-arch
[LOCAL-AGENT][INFO] Local agent started, forward server: http://localhost:19876
[LOCAL-AGENT][DEBUG] Starting SSH forwarding: 19877:localhost:19877
[LOCAL-AGENT][DEBUG] Running SSH: ssh -o ControlPath=/tmp/ssh_mux_%h_%p_%r -O forward -L 19877:localhost:19877 nucx-arch
[LOCAL-AGENT][DEBUG] Current forwardings: 19877:localhost:19877
[LOCAL-AGENT][DEBUG] Starting SSH forwarding: 6010:localhost:6010
[LOCAL-AGENT][DEBUG] Running SSH: ssh -o ControlPath=/tmp/ssh_mux_%h_%p_%r -O forward -L 6010:localhost:6010 nucx-arch
[LOCAL-AGENT][DEBUG] Current forwardings: 19877:localhost:19877,6010:localhost:6010
[LOCAL-AGENT][DEBUG] Starting SSH forwarding: 8000:localhost:8000
[LOCAL-AGENT][DEBUG] Running SSH: ssh -o ControlPath=/tmp/ssh_mux_%h_%p_%r -O forward -L 8000:localhost:8000 nucx-arch
[LOCAL-AGENT][DEBUG] Current forwardings: 19877:localhost:19877,6010:localhost:6010,8000:localhost:8000
[LOCAL-AGENT][INFO] Stopping SSH forwarding: 8000:localhost:8000
[LOCAL-AGENT][DEBUG] Running SSH: ssh -o ControlPath=/tmp/ssh_mux_%h_%p_%r -O cancel -L 8000:localhost:8000 nucx-arch
[LOCAL-AGENT][DEBUG] Current forwardings: 19877:localhost:19877,6010:localhost:6010
[LOCAL-AGENT][INFO] Stopping SSH forwarding: 6010:localhost:6010
[LOCAL-AGENT][DEBUG] Running SSH: ssh -o ControlPath=/tmp/ssh_mux_%h_%p_%r -O cancel -L 6010:localhost:6010 nucx-arch
[LOCAL-AGENT][DEBUG] Current forwardings: 19877:localhost:19877
[LOCAL-AGENT][DEBUG] sshAgentManager stopped
[LOCAL-AGENT][DEBUG] localAgent stopped
[LOCAL-AGENT][DEBUG] sshForwardingManagerServer stopped
